1993148
1993140
1993139
1993097
1993040
1993006
1993003
1992996
1992966
1992937
1992916
1992827
1992750
1992726
1992689
1992686
1992662
1992618
1992538
1992522
1992525
1992473
1992471
1992426
1992418
1992412
1992390
1992400
1992397
1992391
1992176
1992157
1992127
1992045
1991984
1991916
1991856
1991768
1991739
1991692
1991685
1991681
1991645
1991646
1991576
1991566
1991543
1991535
1991512
1991440
1991416
1991407
1991406
1991400
1991390
1991345
1991334
1991326
1991313
1991123
1991111
1991093
1991092
